<?xml version="1.0" encoding="UTF-8"?>
<testng-results ignored="0" total="1" passed="1" failed="0" skipped="0">
  <reporter-output>
  </reporter-output>
  <suite started-at="2023-08-08T10:18:46 IST" name="Default suite" finished-at="2023-08-08T10:18:46 IST" duration-ms="53">
    <groups>
    </groups>
    <test started-at="2023-08-08T10:18:46 IST" name="Default test" finished-at="2023-08-08T10:18:46 IST" duration-ms="53">
      <class name="Sample.DemoGit">
        <test-method signature="gitCommit()[pri:0, instance:Sample.DemoGit@5ab9e72c]" started-at="2023-08-08T10:18:46 IST" name="gitCommit" finished-at="2023-08-08T10:18:46 IST" duration-ms="9" status="PASS">
          <reporter-output>
          </reporter-output>
        </test-method> <!-- gitCommit -->
      </class> <!-- Sample.DemoGit -->
    </test> <!-- Default test -->
  </suite> <!-- Default suite -->
</testng-results>
